<?xml version="1.0" encoding="UTF-8"?>
<testsuite xmlns:xsi="http://www.w3.org/2001/XMLSchema-instance" xsi:noNamespaceSchemaLocation="https://maven.apache.org/surefire/maven-surefire-plugin/xsd/surefire-test-report.xsd" name="ch.bbw.td.consoleCalculator.CalculatorTest" time="0.024" tests="86" errors="0" skipped="5" failures="0">
  <properties>
[...]
</properties>
  <testcase name="testDivisionNegativDurchZeroIsOk" classname="ch.bbw.td.consoleCalculator.CalculatorTest" time="0"/>
  <testcase name="testDivisionNegativDurchPositivIsOk" classname="ch.bbw.td.consoleCalculator.CalculatorTest" time="0"/>
  <testcase name="testDivisionPositivDurchZeroIsInfinity" classname="ch.bbw.td.consoleCalculator.CalculatorTest" time="0"/>
  <testcase name="testSummeMinValuePositiveIsOk" classname="ch.bbw.td.consoleCalculator.CalculatorTest" time="0"/>
  <testcase name="testQuadrierenNegativeIsOk" classname="ch.bbw.td.consoleCalculator.CalculatorTest" time="0">
    <skipped/>
  </testcase>
  <testcase name="testZahlensystemeDecimalToHexPositivIsOk" classname="ch.bbw.td.consoleCalculator.CalculatorTest" time="0"/>
  <testcase name="testSubtraction1Plus01Minus0IsOk" classname="ch.bbw.td.consoleCalculator.CalculatorTest" time="0"/>
  <testcase name="testDivisionNegativDurchNegativIsOk" classname="ch.bbw.td.consoleCalculator.CalculatorTest" time="0"/>
  <testcase name="testSummeMinValueNegativeIsOk" classname="ch.bbw.td.consoleCalculator.CalculatorTest" time="0"/>
  <testcase name="testSubtraction1negativ1positivIsOk" classname="ch.bbw.td.consoleCalculator.CalculatorTest" time="0"/>
  <testcase name="testSumme0PlusIsOk" classname="ch.bbw.td.consoleCalculator.CalculatorTest" time="0"/>
  <testcase name="testZinseszinsPositiveIsOk" classname="ch.bbw.td.consoleCalculator.CalculatorTest" time="0"/>
  <testcase name="testSummeMinusPlus0IsOk" classname="ch.bbw.td.consoleCalculator.CalculatorTest" time="0"/>
  <testcase name="testSubtractionPlusMinus0IsOk" classname="ch.bbw.td.consoleCalculator.CalculatorTest" time="0"/>
  <testcase name="testZahlensystemeDecimalToHexMaxIntIsOk" classname="ch.bbw.td.consoleCalculator.CalculatorTest" time="0"/>
  <testcase name="testZahlensystemeDecimalToHexNegativIsOk" classname="ch.bbw.td.consoleCalculator.CalculatorTest" time="0"/>
  <testcase name="testZahlensystemeDecimalToDecimalPositivIsOk" classname="ch.bbw.td.consoleCalculator.CalculatorTest" time="0"/>
  <testcase name="testZinseszinsAnfangskapitalNegativZinsenNegativIsOk" classname="ch.bbw.td.consoleCalculator.CalculatorTest" time="0"/>
  <testcase name="testZinseszinsZinsNegativIsOk" classname="ch.bbw.td.consoleCalculator.CalculatorTest" time="0"/>
  <testcase name="testSummeZweiPositiveIsOk" classname="ch.bbw.td.consoleCalculator.CalculatorTest" time="0"/>
  <testcase name="testSubtraktionPositivNegativGreaterThenZero" classname="ch.bbw.td.consoleCalculator.CalculatorTest" time="0"/>
  <testcase name="testZahlensystemeDecimalToDecimalMinIntIsOk" classname="ch.bbw.td.consoleCalculator.CalculatorTest" time="0"/>
  <testcase name="testZahlensystemeDecimalToDecimalNegativIsOk" classname="ch.bbw.td.consoleCalculator.CalculatorTest" time="0"/>
  <testcase name="testQuadrierenZeroIsOk" classname="ch.bbw.td.consoleCalculator.CalculatorTest" time="0">
    <skipped/>
  </testcase>
  <testcase name="testSummePlus0MinusIsOk" classname="ch.bbw.td.consoleCalculator.CalculatorTest" time="0"/>
  <testcase name="testDivisionNegativDurchZeroexceptionIsOk" classname="ch.bbw.td.consoleCalculator.CalculatorTest" time="0"/>
  <testcase name="testSummeMaxValuePositiveIsOk" classname="ch.bbw.td.consoleCalculator.CalculatorTest" time="0"/>
  <testcase name="testDivisionZeroDurchZeroIsOk" classname="ch.bbw.td.consoleCalculator.CalculatorTest" time="0"/>
  <testcase name="testSubtraction1positiv1negativIsOk" classname="ch.bbw.td.consoleCalculator.CalculatorTest" time="0"/>
  <testcase name="testSummeMinus0MinusIsOk" classname="ch.bbw.td.consoleCalculator.CalculatorTest" time="0.001"/>
  <testcase name="testSubtractionZweiPositiveIsOk" classname="ch.bbw.td.consoleCalculator.CalculatorTest" time="0"/>
  <testcase name="testSummeMaxValueNegativeIsOk" classname="ch.bbw.td.consoleCalculator.CalculatorTest" time="0"/>
  <testcase name="testSumme2negativIsOk" classname="ch.bbw.td.consoleCalculator.CalculatorTest" time="0"/>
  <testcase name="testSubtraction2negativIsOk" classname="ch.bbw.td.consoleCalculator.CalculatorTest" time="0"/>
  <testcase name="testSummeMinus0PlusIsOk" classname="ch.bbw.td.consoleCalculator.CalculatorTest" time="0"/>
  <testcase name="testZahlensystemeDecimalToOctalMinIntIsOk" classname="ch.bbw.td.consoleCalculator.CalculatorTest" time="0"/>
  <testcase name="testSubtractionMinus0MinusIsOk" classname="ch.bbw.td.consoleCalculator.CalculatorTest" time="0"/>
  <testcase name="testSumme2malMinus0IsOk" classname="ch.bbw.td.consoleCalculator.CalculatorTest" time="0"/>
  <testcase name="testBinaryMinIntIsOk" classname="ch.bbw.td.consoleCalculator.CalculatorTest" time="0"/>
  <testcase name="testSumme1Plus01Minus0IsOk" classname="ch.bbw.td.consoleCalculator.CalculatorTest" time="0"/>
  <testcase name="testDivisionPositivNegativIsLessThenZero" classname="ch.bbw.td.consoleCalculator.CalculatorTest" time="0"/>
  <testcase name="testZinseszinsAnfangskapitalNegativIsOk" classname="ch.bbw.td.consoleCalculator.CalculatorTest" time="0"/>
  <testcase name="testSubtraction1Minus01Plus0IsOk" classname="ch.bbw.td.consoleCalculator.CalculatorTest" time="0"/>
  <testcase name="testZahlensystemeDecimalToBinaerMinIntIsOk" classname="ch.bbw.td.consoleCalculator.CalculatorTest" time="0"/>
  <testcase name="testSubtraction2mal0IsOk" classname="ch.bbw.td.consoleCalculator.CalculatorTest" time="0"/>
  <testcase name="testDivision2NegativGreaterThenZero" classname="ch.bbw.td.consoleCalculator.CalculatorTest" time="0"/>
  <testcase name="testDivisionPositivDurchZeroIsOk" classname="ch.bbw.td.consoleCalculator.CalculatorTest" time="0"/>
  <testcase name="testSumme1negativ1positivIsOk" classname="ch.bbw.td.consoleCalculator.CalculatorTest" time="0"/>
  <testcase name="testSummeNegativePositivIsLessThenZero" classname="ch.bbw.td.consoleCalculator.CalculatorTest" time="0"/>
  <testcase name="testSummePlusMinus0IsOk" classname="ch.bbw.td.consoleCalculator.CalculatorTest" time="0"/>
  <testcase name="testSubtractionMinusPlus0IsOk" classname="ch.bbw.td.consoleCalculator.CalculatorTest" time="0"/>
  <testcase name="testSummeMinusMinus0IsOk" classname="ch.bbw.td.consoleCalculator.CalculatorTest" time="0"/>
  <testcase name="testDivisionPositivDurchPositivIsOk" classname="ch.bbw.td.consoleCalculator.CalculatorTest" time="0"/>
  <testcase name="testSummeNegativePositivIsGreaterThenZero" classname="ch.bbw.td.consoleCalculator.CalculatorTest" time="0"/>
  <testcase name="testSumme2mal0IsOk" classname="ch.bbw.td.consoleCalculator.CalculatorTest" time="0"/>
  <testcase name="testZahlensystemeDecimalToOctalPositivIsOk" classname="ch.bbw.td.consoleCalculator.CalculatorTest" time="0"/>
  <testcase name="testSubtraktionMinValuePositiveIsOk" classname="ch.bbw.td.consoleCalculator.CalculatorTest" time="0"/>
  <testcase name="testZahlensystemeDecimalToDecimalMaxIntIsOk" classname="ch.bbw.td.consoleCalculator.CalculatorTest" time="0"/>
  <testcase name="testSubtractionPlus0IsOk" classname="ch.bbw.td.consoleCalculator.CalculatorTest" time="0"/>
  <testcase name="testSubtraktionMinValueNegativeIsOk" classname="ch.bbw.td.consoleCalculator.CalculatorTest" time="0"/>
  <testcase name="testSubtraktion2PositivLessThenZero" classname="ch.bbw.td.consoleCalculator.CalculatorTest" time="0"/>
  <testcase name="testZahlensystemeDecimalToHexMinIntIsOk" classname="ch.bbw.td.consoleCalculator.CalculatorTest" time="0"/>
  <testcase name="testSubtractionMinusMinus0IsOk" classname="ch.bbw.td.consoleCalculator.CalculatorTest" time="0"/>
  <testcase name="testBinaryPositivIsOk" classname="ch.bbw.td.consoleCalculator.CalculatorTest" time="0"/>
  <testcase name="testDivisionPositivDurchNegativIsOk" classname="ch.bbw.td.consoleCalculator.CalculatorTest" time="0"/>
  <testcase name="testDivisionZeroDurchPositivIsOk" classname="ch.bbw.td.consoleCalculator.CalculatorTest" time="0"/>
  <testcase name="testZahlensystemeDecimalToOctalNegativIsOk" classname="ch.bbw.td.consoleCalculator.CalculatorTest" time="0"/>
  <testcase name="testZahlensystemeDecimalToBinaerPositivIsOk" classname="ch.bbw.td.consoleCalculator.CalculatorTest" time="0"/>
  <testcase name="testSumme1positiv1negativIsOk" classname="ch.bbw.td.consoleCalculator.CalculatorTest" time="0"/>
  <testcase name="testSubtractionPlus0MinusIsOk" classname="ch.bbw.td.consoleCalculator.CalculatorTest" time="0"/>
  <testcase name="testSummePlus0IsOk" classname="ch.bbw.td.consoleCalculator.CalculatorTest" time="0"/>
  <testcase name="testZahlensystemeDecimalToOctalMaxIntIsOk" classname="ch.bbw.td.consoleCalculator.CalculatorTest" time="0.001"/>
  <testcase name="testBinaryNegativIsOk" classname="ch.bbw.td.consoleCalculator.CalculatorTest" time="0"/>
  <testcase name="testDivisionZeroDurchNegativIsOk" classname="ch.bbw.td.consoleCalculator.CalculatorTest" time="0"/>
  <testcase name="testSumme1Minus01Plus0IsOk" classname="ch.bbw.td.consoleCalculator.CalculatorTest" time="0"/>
  <testcase name="testBinaryMaxIntIsOk" classname="ch.bbw.td.consoleCalculator.CalculatorTest" time="0"/>
  <testcase name="testZahlensystemeDecimalToBinaerNegativIsOk" classname="ch.bbw.td.consoleCalculator.CalculatorTest" time="0"/>
  <testcase name="testWurzelPositivIsOk" classname="ch.bbw.td.consoleCalculator.CalculatorTest" time="0">
    <skipped/>
  </testcase>
  <testcase name="testSubtractionMinus0PlusIsOk" classname="ch.bbw.td.consoleCalculator.CalculatorTest" time="0"/>
  <testcase name="testMultiplicationPositiveTimesPositiveIsOk" classname="ch.bbw.td.consoleCalculator.CalculatorTest" time="0">
    <skipped/>
  </testcase>
  <testcase name="testSubtraktionMaxValuePositiveIsOk" classname="ch.bbw.td.consoleCalculator.CalculatorTest" time="0"/>
  <testcase name="testSubtraction2malMinus0IsOk" classname="ch.bbw.td.consoleCalculator.CalculatorTest" time="0"/>
  <testcase name="testSubtraction0PlusIsOk" classname="ch.bbw.td.consoleCalculator.CalculatorTest" time="0"/>
  <testcase name="testZahlensystemeDecimalToBinaerMaxIntIsOk" classname="ch.bbw.td.consoleCalculator.CalculatorTest" time="0"/>
  <testcase name="testQuadrierenPositveIsOk" classname="ch.bbw.td.consoleCalculator.CalculatorTest" time="0">
    <skipped/>
  </testcase>
  <testcase name="testSubtraktionMaxValueNegativeIsOk" classname="ch.bbw.td.consoleCalculator.CalculatorTest" time="0"/>
</testsuite>